2024-11-07 19:45:30,034 - DEBUG - Starting new HTTPS connection (1): api.telegram.org:443
2024-11-07 19:45:31,741 - DEBUG - https://api.telegram.org:443 "GET /bot7033123838:AAGIVMfG5C2hIHUB0I2S4sNCZDZx4JOH9SM/getUpdates?offset=-1&timeout=20 HTTP/1.1" 200 424
2024-11-07 19:45:31,775 - DEBUG - https://api.telegram.org:443 "GET /bot7033123838:AAGIVMfG5C2hIHUB0I2S4sNCZDZx4JOH9SM/getMe HTTP/1.1" 200 255
2024-11-07 19:45:31,813 - DEBUG - Starting new HTTPS connection (1): api.telegram.org:443
2024-11-07 19:45:31,941 - DEBUG - https://api.telegram.org:443 "GET /bot7033123838:AAGIVMfG5C2hIHUB0I2S4sNCZDZx4JOH9SM/getUpdates?offset=1&timeout=20 HTTP/1.1" 200 424
2024-11-07 19:45:31,948 - DEBUG - Starting new HTTPS connection (1): api.telegram.org:443
2024-11-07 19:45:32,071 - DEBUG - https://api.telegram.org:443 "POST /bot7033123838:AAGIVMfG5C2hIHUB0I2S4sNCZDZx4JOH9SM/deleteMessage?chat_id=468997622&message_id=5497 HTTP/1.1" 200 25
2024-11-07 19:45:32,137 - DEBUG - https://api.telegram.org:443 "POST /bot7033123838:AAGIVMfG5C2hIHUB0I2S4sNCZDZx4JOH9SM/sendMessage?chat_id=468997622&text=Welcome+to+Ikigai+bot%21+%F0%9F%8E%89&reply_markup=%7B%22inline_keyboard%22%3A+%5B%5B%7B%22text%22%3A+%22%5Cud83c%5Cudd95+%5Cu041d%5Cu043e%5Cu0432%5Cu0430%5Cu044f+%5Cu0440%5Cu0435%5Cu0437%5Cu0435%5Cu0440%5Cu0432%5Cu0430%5Cu0446%5Cu0438%5Cu044f%22%2C+%22callback_data%22%3A+%22cb_new_reservation%22%7D%2C+%7B%22text%22%3A+%22%5Cud83c%5Cudd95+%5Cu041c%5Cu043e%5Cu0438+%5Cu0440%5Cu0435%5Cu0437%5Cu0435%5Cu0440%5Cu0432%5Cu0430%5Cu0446%5Cu0438%5Cu0438%22%2C+%22callback_data%22%3A+%22cb_my_reservations%22%7D%5D%2C+%5B%7B%22text%22%3A+%22%5Cu23fa%5Cufe0f+%5Cu041e+%5Cu043d%5Cu0430%5Cu0441%22%2C+%22callback_data%22%3A+%22cb_info%22%7D%5D%5D%7D&parse_mode=Markdown HTTP/1.1" 200 727
2024-11-07 19:45:41,580 - DEBUG - https://api.telegram.org:443 "GET /bot7033123838:AAGIVMfG5C2hIHUB0I2S4sNCZDZx4JOH9SM/getUpdates?offset=252079766&timeout=20 HTTP/1.1" 200 1013
2024-11-07 19:45:41,588 - DEBUG - Starting new HTTPS connection (1): api.telegram.org:443
2024-11-07 19:45:41,789 - DEBUG - https://api.telegram.org:443 "POST /bot7033123838:AAGIVMfG5C2hIHUB0I2S4sNCZDZx4JOH9SM/editMessageText?text=%D0%9A%D0%B0%D0%BA%D0%BE%D0%B5+%D1%80%D0%B0%D0%B1%D0%BE%D1%87%D0%B5%D0%B5+%D0%BC%D0%B5%D1%81%D1%82%D0%BE+%D0%92%D0%B0%D0%BC+%D0%BD%D1%83%D0%B6%D0%BD%D0%BE%3F&chat_id=468997622&message_id=5498&reply_markup=%7B%22inline_keyboard%22%3A+%5B%5B%7B%22text%22%3A+%22Hairstyle%22%2C+%22callback_data%22%3A+%22hairstyle%22%7D%2C+%7B%22text%22%3A+%22Brows%22%2C+%22callback_data%22%3A+%22brows%22%7D%5D%2C+%5B%7B%22text%22%3A+%22%5Cud83d%5Cudd19+%5Cu041d%5Cu0430%5Cu0437%5Cu0430%5Cu0434%22%2C+%22callback_data%22%3A+%22cb_back%22%7D%5D%5D%7D HTTP/1.1" 200 671
2024-11-07 19:45:42,865 - DEBUG - https://api.telegram.org:443 "GET /bot7033123838:AAGIVMfG5C2hIHUB0I2S4sNCZDZx4JOH9SM/getUpdates?offset=252079767&timeout=20 HTTP/1.1" 200 944
2024-11-07 19:45:42,931 - DEBUG - https://api.telegram.org:443 "POST /bot7033123838:AAGIVMfG5C2hIHUB0I2S4sNCZDZx4JOH9SM/editMessageText?text=How+much+time+do+you+need%3F&chat_id=468997622&message_id=5498&reply_markup=%7B%22inline_keyboard%22%3A+%5B%5B%7B%22text%22%3A+%22%5Cud83d%5Cudd50+1+%5Cu0447%5Cu0430%5Cu0441%22%2C+%22callback_data%22%3A+%221%22%7D%5D%2C+%5B%7B%22text%22%3A+%22%5Cud83d%5Cudd50+3+%5Cu0447%5Cu0430%5Cu0441%5Cu0430%22%2C+%22callback_data%22%3A+%223%22%7D%5D%2C+%5B%7B%22text%22%3A+%221+%5Cu0434%5Cu0435%5Cu043d%5Cu044c%22%2C+%22callback_data%22%3A+%2212%22%7D%5D%2C+%5B%7B%22text%22%3A+%22%5Cu0414%5Cu0440%5Cu0443%5Cu0433%5Cu043e%5Cu0435%2F%5Cu0421%5Cu0432%5Cu044f%5Cu0437%5Cu0430%5Cu0442%5Cu044c%5Cu0441%5Cu044f+%5Cu0441+%5Cu0430%5Cu0434%5Cu043c%5Cu0438%5Cu043d%5Cu0438%5Cu0441%5Cu0442%5Cu0440%5Cu0430%5Cu0442%5Cu043e%5Cu0440%5Cu043e%5Cu043c%22%2C+%22callback_data%22%3A+%22talk_to_admin%22%7D%5D%2C+%5B%7B%22text%22%3A+%22%5Cud83d%5Cudd19+%5Cu041d%5Cu0430%5Cu0437%5Cu0430%5Cu0434%22%2C+%22callback_data%22%3A+%22cb_back%22%7D%5D%5D%7D HTTP/1.1" 200 886
2024-11-07 19:45:44,106 - DEBUG - https://api.telegram.org:443 "GET /bot7033123838:AAGIVMfG5C2hIHUB0I2S4sNCZDZx4JOH9SM/getUpdates?offset=252079768&timeout=20 HTTP/1.1" 200 1155
2024-11-07 19:45:47,683 - DEBUG - https://api.telegram.org:443 "POST /bot7033123838:AAGIVMfG5C2hIHUB0I2S4sNCZDZx4JOH9SM/editMessageText?text=%D0%92%D1%8B%D0%B1%D0%B5%D1%80%D0%B5%D1%82%D0%B5+%D0%BF%D0%BE%D0%B4%D1%85%D0%BE%D0%B4%D1%8F%D1%89%D0%B8%D0%B9+%D0%B4%D0%BB%D1%8F+%D0%B2%D0%B0%D1%81+%D0%B4%D0%B5%D0%BD%D1%8C%3A&chat_id=468997622&message_id=5498&reply_markup=%7B%22inline_keyboard%22%3A+%5B%5B%7B%22text%22%3A+%22M%22%2C+%22callback_data%22%3A+%22cbcal_0_n%22%7D%2C+%7B%22text%22%3A+%22T%22%2C+%22callback_data%22%3A+%22cbcal_0_n%22%7D%2C+%7B%22text%22%3A+%22W%22%2C+%22callback_data%22%3A+%22cbcal_0_n%22%7D%2C+%7B%22text%22%3A+%22T%22%2C+%22callback_data%22%3A+%22cbcal_0_n%22%7D%2C+%7B%22text%22%3A+%22F%22%2C+%22callback_data%22%3A+%22cbcal_0_n%22%7D%2C+%7B%22text%22%3A+%22S%22%2C+%22callback_data%22%3A+%22cbcal_0_n%22%7D%2C+%7B%22text%22%3A+%22S%22%2C+%22callback_data%22%3A+%22cbcal_0_n%22%7D%5D%2C+%5B%7B%22text%22%3A+%22+%22%2C+%22callback_data%22%3A+%22cbcal_0_n%22%7D%2C+%7B%22text%22%3A+%22+%22%2C+%22callback_data%22%3A+%22cbcal_0_n%22%7D%2C+%7B%22text%22%3A+%22+%22%2C+%22callback_data%22%3A+%22cbcal_0_n%22%7D%2C+%7B%22text%22%3A+%22+%22%2C+%22callback_data%22%3A+%22cbcal_0_n%22%7D%2C+%7B%22text%22%3A+%22%5Cu2716%5Cufe0f%22%2C+%22callback_data%22%3A+%22cb_no_timeslots%22%7D%2C+%7B%22text%22%3A+%22%5Cu2716%5Cufe0f%22%2C+%22callback_data%22%3A+%22cb_no_timeslots%22%7D%2C+%7B%22text%22%3A+%22%5Cu2716%5Cufe0f%22%2C+%22callback_data%22%3A+%22cb_no_timeslots%22%7D%5D%2C+%5B%7B%22text%22%3A+%22%5Cu2716%5Cufe0f%22%2C+%22callback_data%22%3A+%22cb_no_timeslots%22%7D%2C+%7B%22text%22%3A+%22%5Cu2716%5Cufe0f%22%2C+%22callback_data%22%3A+%22cb_no_timeslots%22%7D%2C+%7B%22text%22%3A+%22%5Cu2716%5Cufe0f%22%2C+%22callback_data%22%3A+%22cb_no_timeslots%22%7D%2C+%7B%22text%22%3A+%22%5Cu2716%5Cufe0f%22%2C+%22callback_data%22%3A+%22cb_no_timeslots%22%7D%2C+%7B%22text%22%3A+8%2C+%22callback_data%22%3A+%22cbcal_0_s_d_2024_11_8%22%7D%2C+%7B%22text%22%3A+9%2C+%22callback_data%22%3A+%22cbcal_0_s_d_2024_11_9%22%7D%2C+%7B%22text%22%3A+10%2C+%22callback_data%22%3A+%22cbcal_0_s_d_2024_11_10%22%7D%5D%2C+%5B%7B%22text%22%3A+11%2C+%22callback_data%22%3A+%22cbcal_0_s_d_2024_11_11%22%7D%2C+%7B%22text%22%3A+12%2C+%22callback_data%22%3A+%22cbcal_0_s_d_2024_11_12%22%7D%2C+%7B%22text%22%3A+13%2C+%22callback_data%22%3A+%22cbcal_0_s_d_2024_11_13%22%7D%2C+%7B%22text%22%3A+14%2C+%22callback_data%22%3A+%22cbcal_0_s_d_2024_11_14%22%7D%2C+%7B%22text%22%3A+15%2C+%22callback_data%22%3A+%22cbcal_0_s_d_2024_11_15%22%7D%2C+%7B%22text%22%3A+16%2C+%22callback_data%22%3A+%22cbcal_0_s_d_2024_11_16%22%7D%2C+%7B%22text%22%3A+17%2C+%22callback_data%22%3A+%22cbcal_0_s_d_2024_11_17%22%7D%5D%2C+%5B%7B%22text%22%3A+18%2C+%22callback_data%22%3A+%22cbcal_0_s_d_2024_11_18%22%7D%2C+%7B%22text%22%3A+19%2C+%22callback_data%22%3A+%22cbcal_0_s_d_2024_11_19%22%7D%2C+%7B%22text%22%3A+20%2C+%22callback_data%22%3A+%22cbcal_0_s_d_2024_11_20%22%7D%2C+%7B%22text%22%3A+21%2C+%22callback_data%22%3A+%22cbcal_0_s_d_2024_11_21%22%7D%2C+%7B%22text%22%3A+22%2C+%22callback_data%22%3A+%22cbcal_0_s_d_2024_11_22%22%7D%2C+%7B%22text%22%3A+23%2C+%22callback_data%22%3A+%22cbcal_0_s_d_2024_11_23%22%7D%2C+%7B%22text%22%3A+24%2C+%22callback_data%22%3A+%22cbcal_0_s_d_2024_11_24%22%7D%5D%2C+%5B%7B%22text%22%3A+25%2C+%22callback_data%22%3A+%22cbcal_0_s_d_2024_11_25%22%7D%2C+%7B%22text%22%3A+26%2C+%22callback_data%22%3A+%22cbcal_0_s_d_2024_11_26%22%7D%2C+%7B%22text%22%3A+27%2C+%22callback_data%22%3A+%22cbcal_0_s_d_2024_11_27%22%7D%2C+%7B%22text%22%3A+28%2C+%22callback_data%22%3A+%22cbcal_0_s_d_2024_11_28%22%7D%2C+%7B%22text%22%3A+29%2C+%22callback_data%22%3A+%22cbcal_0_s_d_2024_11_29%22%7D%2C+%7B%22text%22%3A+30%2C+%22callback_data%22%3A+%22cbcal_0_s_d_2024_11_30%22%7D%2C+%7B%22text%22%3A+%22+%22%2C+%22callback_data%22%3A+%22cbcal_0_n%22%7D%5D%2C+%5B%7B%22text%22%3A+%22%3C%3C%22%2C+%22callback_data%22%3A+%22cbcal_0_g_d_2024_10_7%22%7D%2C+%7B%22text%22%3A+%22Nov+2024%22%2C+%22callback_data%22%3A+%22cbcal_0_g_m_2024_11_7%22%7D%2C+%7B%22text%22%3A+%22%3E%3E%22%2C+%22callback_data%22%3A+%22cbcal_0_g_d_2024_12_7%22%7D%5D%2C+%5B%5D%2C+%5B%7B%22text%22%3A+%22%5Cud83d%5Cudd19+%5Cu041d%5Cu0430%5Cu0437%5Cu0430%5Cu0434%22%2C+%22callback_data%22%3A+%22cb_back%22%7D%5D%5D%7D HTTP/1.1" 200 2938
2024-11-07 19:45:48,831 - DEBUG - https://api.telegram.org:443 "GET /bot7033123838:AAGIVMfG5C2hIHUB0I2S4sNCZDZx4JOH9SM/getUpdates?offset=252079769&timeout=20 HTTP/1.1" 200 3227
2024-11-07 19:45:52,015 - DEBUG - https://api.telegram.org:443 "POST /bot7033123838:AAGIVMfG5C2hIHUB0I2S4sNCZDZx4JOH9SM/editMessageText?text=%D0%92%D1%8B%D0%B1%D0%B5%D1%82%D0%B5%D1%80%D0%B5+%D0%BF%D0%BE%D0%B4%D1%85%D0%BE%D0%B4%D1%8F%D1%89%D0%B5%D0%B5+%D0%B4%D0%BB%D1%8F+%D0%B2%D0%B0%D1%81+%D0%B2%D1%80%D0%B5%D0%BC%D1%8F&chat_id=468997622&message_id=5498&reply_markup=%7B%22inline_keyboard%22%3A+%5B%5B%7B%22text%22%3A+%2209%3A00%22%2C+%22callback_data%22%3A+%2209%3A00_p%5B3%5D%22%7D%2C+%7B%22text%22%3A+%2209%3A30%22%2C+%22callback_data%22%3A+%2209%3A30_p%5B3%5D%22%7D%2C+%7B%22text%22%3A+%2210%3A00%22%2C+%22callback_data%22%3A+%2210%3A00_p%5B1%2C+3%5D%22%7D%2C+%7B%22text%22%3A+%2210%3A30%22%2C+%22callback_data%22%3A+%2210%3A30_p%5B1%2C+3%5D%22%7D%5D%2C+%5B%7B%22text%22%3A+%2211%3A00%22%2C+%22callback_data%22%3A+%2211%3A00_p%5B1%2C+3%5D%22%7D%2C+%7B%22text%22%3A+%2211%3A30%22%2C+%22callback_data%22%3A+%2211%3A30_p%5B1%2C+3%5D%22%7D%2C+%7B%22text%22%3A+%2212%3A00%22%2C+%22callback_data%22%3A+%2212%3A00_p%5B1%2C+2%2C+3%5D%22%7D%2C+%7B%22text%22%3A+%2212%3A30%22%2C+%22callback_data%22%3A+%2212%3A30_p%5B1%2C+2%2C+3%5D%22%7D%5D%2C+%5B%7B%22text%22%3A+%2213%3A00%22%2C+%22callback_data%22%3A+%2213%3A00_p%5B1%2C+2%2C+3%5D%22%7D%2C+%7B%22text%22%3A+%2213%3A30%22%2C+%22callback_data%22%3A+%2213%3A30_p%5B1%2C+2%2C+3%5D%22%7D%2C+%7B%22text%22%3A+%2214%3A00%22%2C+%22callback_data%22%3A+%2214%3A00_p%5B1%2C+2%2C+3%5D%22%7D%2C+%7B%22text%22%3A+%2214%3A30%22%2C+%22callback_data%22%3A+%2214%3A30_p%5B1%2C+2%2C+3%5D%22%7D%5D%2C+%5B%7B%22text%22%3A+%2215%3A00%22%2C+%22callback_data%22%3A+%2215%3A00_p%5B1%2C+2%2C+3%5D%22%7D%2C+%7B%22text%22%3A+%2215%3A30%22%2C+%22callback_data%22%3A+%2215%3A30_p%5B1%2C+2%2C+3%5D%22%7D%2C+%7B%22text%22%3A+%2216%3A00%22%2C+%22callback_data%22%3A+%2216%3A00_p%5B1%2C+2%2C+3%5D%22%7D%2C+%7B%22text%22%3A+%2216%3A30%22%2C+%22callback_data%22%3A+%2216%3A30_p%5B1%2C+2%2C+3%5D%22%7D%5D%2C+%5B%7B%22text%22%3A+%2217%3A00%22%2C+%22callback_data%22%3A+%2217%3A00_p%5B1%2C+2%2C+3%5D%22%7D%2C+%7B%22text%22%3A+%2217%3A30%22%2C+%22callback_data%22%3A+%2217%3A30_p%5B1%2C+2%2C+3%5D%22%7D%2C+%7B%22text%22%3A+%2218%3A00%22%2C+%22callback_data%22%3A+%2218%3A00_p%5B1%2C+2%2C+3%5D%22%7D%5D%2C+%5B%7B%22text%22%3A+%22%5Cud83d%5Cudd19+%5Cu041d%5Cu0430%5Cu0437%5Cu0430%5Cu0434%22%2C+%22callback_data%22%3A+%22cb_back%22%7D%5D%5D%7D HTTP/1.1" 200 1576
2024-11-07 19:45:53,644 - DEBUG - https://api.telegram.org:443 "GET /bot7033123838:AAGIVMfG5C2hIHUB0I2S4sNCZDZx4JOH9SM/getUpdates?offset=252079770&timeout=20 HTTP/1.1" 200 1854
2024-11-07 19:45:53,703 - DEBUG - https://api.telegram.org:443 "POST /bot7033123838:AAGIVMfG5C2hIHUB0I2S4sNCZDZx4JOH9SM/deleteMessage?chat_id=468997622&message_id=5498 HTTP/1.1" 200 25
2024-11-07 19:45:54,173 - DEBUG - https://api.telegram.org:443 "POST /bot7033123838:AAGIVMfG5C2hIHUB0I2S4sNCZDZx4JOH9SM/sendPhoto?chat_id=468997622&caption=%D0%92%D1%8B%D0%B1%D0%B5%D1%80%D0%B5%D1%82%D0%B5+%D1%80%D0%B0%D0%B1%D0%BE%D1%87%D0%B5%D0%B5+%D0%BC%D0%B5%D1%81%D1%82%D0%BE.&reply_markup=%7B%22inline_keyboard%22%3A+%5B%5B%7B%22text%22%3A+%22%5Cu041c%5Cu0435%5Cu0441%5Cu0442%5Cu043e+3%22%2C+%22callback_data%22%3A+%22place_3%22%7D%5D%2C+%5B%7B%22text%22%3A+%22%5Cud83d%5Cudd19+%5Cu041d%5Cu0430%5Cu0437%5Cu0430%5Cu0434%22%2C+%22callback_data%22%3A+%22cb_back%22%7D%5D%5D%7D HTTP/1.1" 200 1316
2024-11-07 19:45:55,248 - DEBUG - https://api.telegram.org:443 "GET /bot7033123838:AAGIVMfG5C2hIHUB0I2S4sNCZDZx4JOH9SM/getUpdates?offset=252079771&timeout=20 HTTP/1.1" 200 1591
2024-11-07 19:45:55,334 - DEBUG - https://api.telegram.org:443 "POST /bot7033123838:AAGIVMfG5C2hIHUB0I2S4sNCZDZx4JOH9SM/deleteMessage?chat_id=468997622&message_id=5499 HTTP/1.1" 200 25
2024-11-07 19:45:55,537 - DEBUG - https://api.telegram.org:443 "POST /bot7033123838:AAGIVMfG5C2hIHUB0I2S4sNCZDZx4JOH9SM/sendPhoto?chat_id=468997622&caption=%2A%D0%92%D0%B0%D1%88%D0%B0+%D1%80%D0%B5%D0%B7%D0%B5%D1%80%D0%B2%D0%B0%D1%86%D0%B8%D1%8F%3A%2A%0A%2A%D0%94%D0%B0%D1%82%D0%B0%3A%2A+2024-11-08%0A%2A%D0%92%D1%80%D0%B5%D0%BC%D1%8F%3A%2A+09%3A00+-+12%3A00%0A%2A%D0%9C%D0%B5%D1%81%D1%82%D0%BE%3A%2A+3%0A%2A%D0%A1%D1%82%D0%BE%D0%B8%D0%BC%D0%BE%D1%81%D1%82%D1%8C%2A%3A+%2A666%2A+CZK%0A&reply_markup=%7B%22inline_keyboard%22%3A+%5B%5B%7B%22text%22%3A+%22%5Cu041e%5Cu043f%5Cu043b%5Cu0430%5Cu0442%5Cu0438%5Cu0442%5Cu044c+%5Cud83e%5Cude99%22%2C+%22callback_data%22%3A+%22pay_now%22%7D%5D%2C+%5B%7B%22text%22%3A+%22%5Cu041e%5Cu043f%5Cu043b%5Cu0430%5Cu0442%5Cu0438%5Cu0442%5Cu044c+%5Cu043f%5Cu043e%5Cu0437%5Cu0436%5Cu0435+%5Cu231b%22%2C+%22callback_data%22%3A+%22pay_later%22%7D%5D%2C+%5B%7B%22text%22%3A+%22%5Cud83d%5Cudd19+%5Cu041d%5Cu0430%5Cu0437%5Cu0430%5Cu0434%22%2C+%22callback_data%22%3A+%22cb_back%22%7D%5D%5D%7D&parse_mode=Markdown HTTP/1.1" 200 1876
2024-11-07 19:45:56,603 - DEBUG - https://api.telegram.org:443 "GET /bot7033123838:AAGIVMfG5C2hIHUB0I2S4sNCZDZx4JOH9SM/getUpdates?offset=252079772&timeout=20 HTTP/1.1" 200 2153
2024-11-07 19:45:57,304 - DEBUG - https://api.telegram.org:443 "POST /bot7033123838:AAGIVMfG5C2hIHUB0I2S4sNCZDZx4JOH9SM/deleteMessage?chat_id=468997622&message_id=5500 HTTP/1.1" 200 25
2024-11-07 19:45:57,372 - DEBUG - https://api.telegram.org:443 "POST /bot7033123838:AAGIVMfG5C2hIHUB0I2S4sNCZDZx4JOH9SM/sendMessage?chat_id=468997622&text=%F0%9F%8E%89+%2A%D0%92%D0%B0%D1%88%D0%B0+%D1%80%D0%B5%D0%B7%D0%B5%D1%80%D0%B2%D0%B0%D1%86%D0%B8%D1%8F+%D0%BF%D0%BE%D0%B4%D1%82%D0%B2%D0%B5%D1%80%D0%B6%D0%B4%D0%B5%D0%BD%D0%B0+%D0%B8+%D0%B6%D0%B4%D0%B5%D1%82+%D0%BE%D0%BF%D0%BB%D0%B0%D1%82%D1%8B%21%2A%0A%2A%D0%94%D0%B0%D1%82%D0%B0%3A%2A+2024-11-08%0A%2A%D0%92%D1%80%D0%B5%D0%BC%D1%8F%3A%2A+09%3A00+-+12%3A00%0A%2A%D0%9C%D0%B5%D1%81%D1%82%D0%BE%3A%2A+3%0A%0A%D0%94%D0%BE+%D0%B2%D1%81%D1%82%D1%80%D0%B5%D1%87%D0%B8%21%0A&parse_mode=Markdown HTTP/1.1" 200 871
2024-11-07 19:45:57,467 - DEBUG - https://api.telegram.org:443 "POST /bot7033123838:AAGIVMfG5C2hIHUB0I2S4sNCZDZx4JOH9SM/sendMessage?chat_id=-1002217216611&text=%0A++++%E2%9D%87%EF%B8%8F+New+reservation%3A%0A%F0%9F%8E%89+%2A%D0%92%D0%B0%D1%88%D0%B0+%D1%80%D0%B5%D0%B7%D0%B5%D1%80%D0%B2%D0%B0%D1%86%D0%B8%D1%8F+%D0%BF%D0%BE%D0%B4%D1%82%D0%B2%D0%B5%D1%80%D0%B6%D0%B4%D0%B5%D0%BD%D0%B0+%D0%B8+%D0%B6%D0%B4%D0%B5%D1%82+%D0%BE%D0%BF%D0%BB%D0%B0%D1%82%D1%8B%21%2A%0A%2A%D0%94%D0%B0%D1%82%D0%B0%3A%2A+2024-11-08%0A%2A%D0%92%D1%80%D0%B5%D0%BC%D1%8F%3A%2A+09%3A00+-+12%3A00%0A%2A%D0%9C%D0%B5%D1%81%D1%82%D0%BE%3A%2A+3%0A%0A%D0%94%D0%BE+%D0%B2%D1%81%D1%82%D1%80%D0%B5%D1%87%D0%B8%21%0A++++++++%0A%0A++++&parse_mode=Markdown HTTP/1.1" 200 835
2024-11-07 19:46:00,157 - DEBUG - https://api.telegram.org:443 "GET /bot7033123838:AAGIVMfG5C2hIHUB0I2S4sNCZDZx4JOH9SM/getUpdates?offset=252079773&timeout=20 HTTP/1.1" 200 424
2024-11-07 19:46:00,207 - DEBUG - https://api.telegram.org:443 "POST /bot7033123838:AAGIVMfG5C2hIHUB0I2S4sNCZDZx4JOH9SM/deleteMessage?chat_id=468997622&message_id=5502 HTTP/1.1" 200 25
2024-11-07 19:46:00,277 - DEBUG - https://api.telegram.org:443 "POST /bot7033123838:AAGIVMfG5C2hIHUB0I2S4sNCZDZx4JOH9SM/sendMessage?chat_id=468997622&text=Welcome+to+Ikigai+bot%21+%F0%9F%8E%89&reply_markup=%7B%22inline_keyboard%22%3A+%5B%5B%7B%22text%22%3A+%22%5Cud83c%5Cudd95+%5Cu041d%5Cu043e%5Cu0432%5Cu0430%5Cu044f+%5Cu0440%5Cu0435%5Cu0437%5Cu0435%5Cu0440%5Cu0432%5Cu0430%5Cu0446%5Cu0438%5Cu044f%22%2C+%22callback_data%22%3A+%22cb_new_reservation%22%7D%2C+%7B%22text%22%3A+%22%5Cud83c%5Cudd95+%5Cu041c%5Cu043e%5Cu0438+%5Cu0440%5Cu0435%5Cu0437%5Cu0435%5Cu0440%5Cu0432%5Cu0430%5Cu0446%5Cu0438%5Cu0438%22%2C+%22callback_data%22%3A+%22cb_my_reservations%22%7D%5D%2C+%5B%7B%22text%22%3A+%22%5Cu23fa%5Cufe0f+%5Cu041e+%5Cu043d%5Cu0430%5Cu0441%22%2C+%22callback_data%22%3A+%22cb_info%22%7D%5D%5D%7D&parse_mode=Markdown HTTP/1.1" 200 727
2024-11-07 19:46:01,579 - DEBUG - https://api.telegram.org:443 "GET /bot7033123838:AAGIVMfG5C2hIHUB0I2S4sNCZDZx4JOH9SM/getUpdates?offset=252079774&timeout=20 HTTP/1.1" 200 1013
2024-11-07 19:46:01,810 - DEBUG - https://api.telegram.org:443 "POST /bot7033123838:AAGIVMfG5C2hIHUB0I2S4sNCZDZx4JOH9SM/editMessageText?text=%D0%92%D0%B0%D1%88%D0%B8+%D1%80%D0%B5%D0%B7%D0%B5%D1%80%D0%B2%D0%B0%D1%86%D0%B8%D0%B8%3A&chat_id=468997622&message_id=5503&reply_markup=%7B%22inline_keyboard%22%3A+%5B%5B%7B%22text%22%3A+%222024.11.08+08%3A00+-+09%3A00%22%2C+%22callback_data%22%3A+%222024-11-08_1h_09-00_p1_468997622%22%7D%5D%2C+%5B%7B%22text%22%3A+%222024.11.08+08%3A00+-+11%3A00%22%2C+%22callback_data%22%3A+%222024-11-08_3h_09-00_p2_468997622%22%7D%5D%2C+%5B%7B%22text%22%3A+%222024.11.08+08%3A00+-+11%3A00%22%2C+%22callback_data%22%3A+%222024-11-08_3h_09-00_p3_468997622%22%7D%5D%2C+%5B%7B%22text%22%3A+%22%5Cud83d%5Cudd19+%5Cu041d%5Cu0430%5Cu0437%5Cu0430%5Cu0434%22%2C+%22callback_data%22%3A+%22cb_back%22%7D%5D%5D%7D HTTP/1.1" 200 777
2024-11-07 19:46:06,615 - DEBUG - https://api.telegram.org:443 "GET /bot7033123838:AAGIVMfG5C2hIHUB0I2S4sNCZDZx4JOH9SM/getUpdates?offset=252079775&timeout=20 HTTP/1.1" 200 1077
2024-11-07 19:46:06,862 - ERROR - Infinity polling exception: Cannot use .astype to convert from timezone-aware dtype to timezone-naive dtype. Use obj.tz_localize(None) or obj.tz_convert('UTC').tz_localize(None) instead.
2024-11-07 19:46:06,864 - ERROR - Exception traceback:
Traceback (most recent call last):
  File "d:\Projects\ikigai-bot\.venv\lib\site-packages\telebot\__init__.py", line 1081, in infinity_polling
    self.polling(non_stop=True, timeout=timeout, long_polling_timeout=long_polling_timeout,
  File "d:\Projects\ikigai-bot\.venv\lib\site-packages\telebot\__init__.py", line 1169, in polling
    self.__threaded_polling(non_stop=non_stop, interval=interval, timeout=timeout, long_polling_timeout=long_polling_timeout,
  File "d:\Projects\ikigai-bot\.venv\lib\site-packages\telebot\__init__.py", line 1244, in __threaded_polling
    raise e
  File "d:\Projects\ikigai-bot\.venv\lib\site-packages\telebot\__init__.py", line 1206, in __threaded_polling
    self.worker_pool.raise_exceptions()
  File "d:\Projects\ikigai-bot\.venv\lib\site-packages\telebot\util.py", line 150, in raise_exceptions
    raise self.exception_info
  File "d:\Projects\ikigai-bot\.venv\lib\site-packages\telebot\util.py", line 93, in run
    task(*args, **kwargs)
  File "d:\Projects\ikigai-bot\.venv\lib\site-packages\telebot\__init__.py", line 8404, in _run_middlewares_and_handler
    result = handler['function'](message)
  File "main.py", line 97, in callback_query
    states.show_my_reservation(bot, call, reservations_table=reservation_table)
  File "D:\Projects\ikigai-bot\states\states.py", line 301, in show_my_reservation
    reservation['time_from'].astype('datetime64[ns]').values[0].astype(dt.time).tolist(),
  File "d:\Projects\ikigai-bot\.venv\lib\site-packages\pandas\core\generic.py", line 6643, in astype
    new_data = self._mgr.astype(dtype=dtype, copy=copy, errors=errors)
  File "d:\Projects\ikigai-bot\.venv\lib\site-packages\pandas\core\internals\managers.py", line 430, in astype
    return self.apply(
  File "d:\Projects\ikigai-bot\.venv\lib\site-packages\pandas\core\internals\managers.py", line 363, in apply
    applied = getattr(b, f)(**kwargs)
  File "d:\Projects\ikigai-bot\.venv\lib\site-packages\pandas\core\internals\blocks.py", line 758, in astype
    new_values = astype_array_safe(values, dtype, copy=copy, errors=errors)
  File "d:\Projects\ikigai-bot\.venv\lib\site-packages\pandas\core\dtypes\astype.py", line 237, in astype_array_safe
    new_values = astype_array(values, dtype, copy=copy)
  File "d:\Projects\ikigai-bot\.venv\lib\site-packages\pandas\core\dtypes\astype.py", line 179, in astype_array
    values = values.astype(dtype, copy=copy)
  File "d:\Projects\ikigai-bot\.venv\lib\site-packages\pandas\core\arrays\datetimes.py", line 720, in astype
    raise TypeError(
TypeError: Cannot use .astype to convert from timezone-aware dtype to timezone-naive dtype. Use obj.tz_localize(None) or obj.tz_convert('UTC').tz_localize(None) instead.

2024-11-07 19:46:09,750 - DEBUG - https://api.telegram.org:443 "GET /bot7033123838:AAGIVMfG5C2hIHUB0I2S4sNCZDZx4JOH9SM/getUpdates?offset=252079776&timeout=20 HTTP/1.1" 200 1052
2024-11-07 19:46:09,879 - DEBUG - Starting new HTTPS connection (1): api.telegram.org:443
2024-11-07 19:46:10,013 - DEBUG - https://api.telegram.org:443 "POST /bot7033123838:AAGIVMfG5C2hIHUB0I2S4sNCZDZx4JOH9SM/editMessageText?text=%D0%92%D0%B0%D1%88%D0%B8+%D1%80%D0%B5%D0%B7%D0%B5%D1%80%D0%B2%D0%B0%D1%86%D0%B8%D0%B8%3A&chat_id=468997622&message_id=5503&reply_markup=%7B%22inline_keyboard%22%3A+%5B%5B%7B%22text%22%3A+%222024.11.08+08%3A00+-+09%3A00%22%2C+%22callback_data%22%3A+%222024-11-08_1h_09-00_p1_468997622%22%7D%5D%2C+%5B%7B%22text%22%3A+%222024.11.08+08%3A00+-+11%3A00%22%2C+%22callback_data%22%3A+%222024-11-08_3h_09-00_p2_468997622%22%7D%5D%2C+%5B%7B%22text%22%3A+%222024.11.08+08%3A00+-+11%3A00%22%2C+%22callback_data%22%3A+%222024-11-08_3h_09-00_p3_468997622%22%7D%5D%2C+%5B%7B%22text%22%3A+%22%5Cud83d%5Cudd19+%5Cu041d%5Cu0430%5Cu0437%5Cu0430%5Cu0434%22%2C+%22callback_data%22%3A+%22cb_back%22%7D%5D%5D%7D HTTP/1.1" 400 204
2024-11-07 19:46:10,015 - ERROR - Threaded polling exception: A request to the Telegram API was unsuccessful. Error code: 400. Description: Bad Request: message is not modified: specified new message content and reply markup are exactly the same as a current content and reply markup of the message
2024-11-07 19:46:10,016 - ERROR - Exception traceback:
Traceback (most recent call last):
  File "d:\Projects\ikigai-bot\.venv\lib\site-packages\telebot\__init__.py", line 1206, in __threaded_polling
    self.worker_pool.raise_exceptions()
  File "d:\Projects\ikigai-bot\.venv\lib\site-packages\telebot\util.py", line 150, in raise_exceptions
    raise self.exception_info
  File "d:\Projects\ikigai-bot\.venv\lib\site-packages\telebot\util.py", line 93, in run
    task(*args, **kwargs)
  File "d:\Projects\ikigai-bot\.venv\lib\site-packages\telebot\__init__.py", line 8404, in _run_middlewares_and_handler
    result = handler['function'](message)
  File "main.py", line 104, in callback_query
    states.show_my_reservations(bot, call)
  File "D:\Projects\ikigai-bot\states\states.py", line 274, in show_my_reservations
    bot.edit_message_text(
  File "d:\Projects\ikigai-bot\.venv\lib\site-packages\telebot\__init__.py", line 4600, in edit_message_text
    result = apihelper.edit_message_text(
  File "d:\Projects\ikigai-bot\.venv\lib\site-packages\telebot\apihelper.py", line 1351, in edit_message_text
    return _make_request(token, method_url, params=payload, method='post')
  File "d:\Projects\ikigai-bot\.venv\lib\site-packages\telebot\apihelper.py", line 167, in _make_request
    json_result = _check_result(method_name, result)
  File "d:\Projects\ikigai-bot\.venv\lib\site-packages\telebot\apihelper.py", line 194, in _check_result
    raise ApiTelegramException(method_name, result, result_json)
telebot.apihelper.ApiTelegramException: A request to the Telegram API was unsuccessful. Error code: 400. Description: Bad Request: message is not modified: specified new message content and reply markup are exactly the same as a current content and reply markup of the message

2024-11-07 19:46:30,063 - DEBUG - https://api.telegram.org:443 "GET /bot7033123838:AAGIVMfG5C2hIHUB0I2S4sNCZDZx4JOH9SM/getUpdates?offset=252079777&timeout=20 HTTP/1.1" 200 23
2024-11-07 19:46:50,128 - DEBUG - https://api.telegram.org:443 "GET /bot7033123838:AAGIVMfG5C2hIHUB0I2S4sNCZDZx4JOH9SM/getUpdates?offset=252079777&timeout=20 HTTP/1.1" 200 23
2024-11-07 19:47:10,168 - DEBUG - https://api.telegram.org:443 "GET /bot7033123838:AAGIVMfG5C2hIHUB0I2S4sNCZDZx4JOH9SM/getUpdates?offset=252079777&timeout=20 HTTP/1.1" 200 23
2024-11-07 19:47:30,214 - DEBUG - https://api.telegram.org:443 "GET /bot7033123838:AAGIVMfG5C2hIHUB0I2S4sNCZDZx4JOH9SM/getUpdates?offset=252079777&timeout=20 HTTP/1.1" 200 23
2024-11-07 19:47:50,250 - DEBUG - https://api.telegram.org:443 "GET /bot7033123838:AAGIVMfG5C2hIHUB0I2S4sNCZDZx4JOH9SM/getUpdates?offset=252079777&timeout=20 HTTP/1.1" 200 23
